<?xml version="1.0" encoding="utf-8"?><testsuites name="pytest tests"><testsuite name="pytest" errors="0" failures="0" skipped="0" tests="5" time="2.412" timestamp="2026-09-25T09:49:41.655050+00:00" hostname="agent-env-a30720ab-d7d5-4683-afe5-4fa5790f64d3"><testcase classname="tests.test_menu_delivery" name="test_menu_contains_36_items_and_key_prices" time="1.211" /><testcase classname="tests.test_menu_delivery" name="test_delivery_available_case_insensitive[Kad\u0131k\xf6y]" time="0.082" /><testcase classname="tests.test_menu_delivery" name="test_delivery_available_case_insensitive[kad\u0131k\xf6y]" time="0.236" /><testcase classname="tests.test_menu_delivery" name="test_delivery_unknown_neighborhood_is_informative" time="0.137" /><testcase classname="tests.test_menu_delivery" name="test_delivery_rejects_blank_neighborhood" time="0.115" /></testsuite></testsuites>