<?xml version="1.0" encoding="utf-8"?><testsuites name="pytest tests"><testsuite name="pytest" errors="0" failures="0" skipped="0" tests="8" time="7.934" timestamp="2026-09-25T10:21:59.149861+00:00" hostname="agent-env-a30720ab-d7d5-4683-afe5-4fa5790f64d3"><testcase classname="tests.test_ai_chat" name="test_ai_rejects_empty_message" time="0.346" /><testcase classname="tests.test_menu_delivery" name="test_menu_contains_36_items_and_key_prices" time="0.290" /><testcase classname="tests.test_menu_delivery" name="test_delivery_available_case_insensitive[Kad\u0131k\xf6y]" time="0.222" /><testcase classname="tests.test_ai_chat" name="test_ai_rejects_message_over_2000_characters" time="0.111" /><testcase classname="tests.test_ai_chat" name="test_ai_streams_grounded_cheesecake_answer_without_key" time="6.372" /><testcase classname="tests.test_menu_delivery" name="test_delivery_available_case_insensitive[kad\u0131k\xf6y]" time="2.455" /><testcase classname="tests.test_menu_delivery" name="test_delivery_unknown_neighborhood_is_informative" time="0.220" /><testcase classname="tests.test_menu_delivery" name="test_delivery_rejects_blank_neighborhood" time="0.076" /></testsuite></testsuites>